<?xml version="1.0" encoding="UTF-8"?>
<!-- Generated by org.testng.reporters.JUnitReportReporter -->
<testsuite hostname="RAKESH-PC" name="main.TestRunner" tests="2" failures="0" timestamp="14 Oct 2022 15:25:51 GMT" time="8.663" errors="0">
  <testcase name="feature" time="8.656" classname="main.TestRunner"/>
  <testcase name="first" time="0.007" classname="main.TestRunner"/>
</testsuite> <!-- main.TestRunner -->
